{"numFailedTestSuites":1,"numFailedTests":2,"numPassedTestSuites":0,"numPassedTests":9,"numPendingTestSuites":0,"numPendingTests":0,"numRuntimeErrorTestSuites":0,"numTodoTests":0,"numTotalTestSuites":1,"numTotalTests":11,"openHandles":[],"snapshot":{"added":0,"didUpdate":false,"failure":false,"filesAdded":0,"filesRemoved":0,"filesRemovedList":[],"filesUnmatched":0,"filesUpdated":0,"matched":0,"total":0,"unchecked":0,"uncheckedKeysByFile":[],"unmatched":0,"updated":0},"startTime":1705672442126,"success":false,"testResults":[{"assertionResults":[{"ancestorTitles":["Login Test"],"duration":5015,"failureDetails":[{"message":"thrown: \"Exceeded timeout of 5000 ms for a test.\nAdd a timeout value to this test to increase the timeout, if this is a long-running test. See https://jestjs.io/docs/api#testname-fn-timeout.\""}],"failureMessages":["Error: thrown: \"Exceeded timeout of 5000 ms for a test.\nAdd a timeout value to this test to increase the timeout, if this is a long-running test. See https://jestjs.io/docs/api#testname-fn-timeout.\"\n    at test (C:\\Users\\Asus\\OneDrive\\Desktop\\YEAR1 SEM2\\BED\\lab7_1BED\\bed-lab7-exercise-MoeMyatThweMT\\tests\\playwright.test.js:56:3)\n    at _dispatchDescribe (C:\\Users\\Asus\\OneDrive\\Desktop\\YEAR1 SEM2\\BED\\lab7_1BED\\bed-lab7-exercise-MoeMyatThweMT\\node_modules\\jest-circus\\build\\index.js:91:26)\n    at describe (C:\\Users\\Asus\\OneDrive\\Desktop\\YEAR1 SEM2\\BED\\lab7_1BED\\bed-lab7-exercise-MoeMyatThweMT\\node_modules\\jest-circus\\build\\index.js:55:5)\n    at Object.describe (C:\\Users\\Asus\\OneDrive\\Desktop\\YEAR1 SEM2\\BED\\lab7_1BED\\bed-lab7-exercise-MoeMyatThweMT\\tests\\playwright.test.js:38:1)\n    at Runtime._execModule (C:\\Users\\Asus\\OneDrive\\Desktop\\YEAR1 SEM2\\BED\\lab7_1BED\\bed-lab7-exercise-MoeMyatThweMT\\node_modules\\jest-runtime\\build\\index.js:1439:24)\n    at Runtime._loadModule (C:\\Users\\Asus\\OneDrive\\Desktop\\YEAR1 SEM2\\BED\\lab7_1BED\\bed-lab7-exercise-MoeMyatThweMT\\node_modules\\jest-runtime\\build\\index.js:1022:12)\n    at Runtime.requireModule (C:\\Users\\Asus\\OneDrive\\Desktop\\YEAR1 SEM2\\BED\\lab7_1BED\\bed-lab7-exercise-MoeMyatThweMT\\node_modules\\jest-runtime\\build\\index.js:882:12)\n    at jestAdapter (C:\\Users\\Asus\\OneDrive\\Desktop\\YEAR1 SEM2\\BED\\lab7_1BED\\bed-lab7-exercise-MoeMyatThweMT\\node_modules\\jest-circus\\build\\legacy-code-todo-rewrite\\jestAdapter.js:77:13)\n    at processTicksAndRejections (node:internal/process/task_queues:95:5)\n    at runTestInternal (C:\\Users\\Asus\\OneDrive\\Desktop\\YEAR1 SEM2\\BED\\lab7_1BED\\bed-lab7-exercise-MoeMyatThweMT\\node_modules\\jest-runner\\build\\runTest.js:367:16)\n    at runTest (C:\\Users\\Asus\\OneDrive\\Desktop\\YEAR1 SEM2\\BED\\lab7_1BED\\bed-lab7-exercise-MoeMyatThweMT\\node_modules\\jest-runner\\build\\runTest.js:444:34)"],"fullName":"Login Test should display an error message with invalid credentials","invocations":1,"location":null,"numPassingAsserts":0,"retryReasons":[],"status":"failed","title":"should display an error message with invalid credentials"},{"ancestorTitles":["Login Test","Registration Test 1"],"duration":2827,"failureDetails":[],"failureMessages":[],"fullName":"Login Test Registration Test 1 should register successfully with required credentials","invocations":1,"location":null,"numPassingAsserts":1,"retryReasons":[],"status":"passed","title":"should register successfully with required credentials"},{"ancestorTitles":["Login Test","Registration Test 1"],"duration":5011,"failureDetails":[{"message":"thrown: \"Exceeded timeout of 5000 ms for a test.\nAdd a timeout value to this test to increase the timeout, if this is a long-running test. See https://jestjs.io/docs/api#testname-fn-timeout.\""}],"failureMessages":["Error: thrown: \"Exceeded timeout of 5000 ms for a test.\nAdd a timeout value to this test to increase the timeout, if this is a long-running test. See https://jestjs.io/docs/api#testname-fn-timeout.\"\n    at test (C:\\Users\\Asus\\OneDrive\\Desktop\\YEAR1 SEM2\\BED\\lab7_1BED\\bed-lab7-exercise-MoeMyatThweMT\\tests\\playwright.test.js:105:7)\n    at _dispatchDescribe (C:\\Users\\Asus\\OneDrive\\Desktop\\YEAR1 SEM2\\BED\\lab7_1BED\\bed-lab7-exercise-MoeMyatThweMT\\node_modules\\jest-circus\\build\\index.js:91:26)\n    at describe (C:\\Users\\Asus\\OneDrive\\Desktop\\YEAR1 SEM2\\BED\\lab7_1BED\\bed-lab7-exercise-MoeMyatThweMT\\node_modules\\jest-circus\\build\\index.js:55:5)\n    at describe (C:\\Users\\Asus\\OneDrive\\Desktop\\YEAR1 SEM2\\BED\\lab7_1BED\\bed-lab7-exercise-MoeMyatThweMT\\tests\\playwright.test.js:80:5)\n    at _dispatchDescribe (C:\\Users\\Asus\\OneDrive\\Desktop\\YEAR1 SEM2\\BED\\lab7_1BED\\bed-lab7-exercise-MoeMyatThweMT\\node_modules\\jest-circus\\build\\index.js:91:26)\n    at describe (C:\\Users\\Asus\\OneDrive\\Desktop\\YEAR1 SEM2\\BED\\lab7_1BED\\bed-lab7-exercise-MoeMyatThweMT\\node_modules\\jest-circus\\build\\index.js:55:5)\n    at Object.describe (C:\\Users\\Asus\\OneDrive\\Desktop\\YEAR1 SEM2\\BED\\lab7_1BED\\bed-lab7-exercise-MoeMyatThweMT\\tests\\playwright.test.js:38:1)\n    at Runtime._execModule (C:\\Users\\Asus\\OneDrive\\Desktop\\YEAR1 SEM2\\BED\\lab7_1BED\\bed-lab7-exercise-MoeMyatThweMT\\node_modules\\jest-runtime\\build\\index.js:1439:24)\n    at Runtime._loadModule (C:\\Users\\Asus\\OneDrive\\Desktop\\YEAR1 SEM2\\BED\\lab7_1BED\\bed-lab7-exercise-MoeMyatThweMT\\node_modules\\jest-runtime\\build\\index.js:1022:12)\n    at Runtime.requireModule (C:\\Users\\Asus\\OneDrive\\Desktop\\YEAR1 SEM2\\BED\\lab7_1BED\\bed-lab7-exercise-MoeMyatThweMT\\node_modules\\jest-runtime\\build\\index.js:882:12)\n    at jestAdapter (C:\\Users\\Asus\\OneDrive\\Desktop\\YEAR1 SEM2\\BED\\lab7_1BED\\bed-lab7-exercise-MoeMyatThweMT\\node_modules\\jest-circus\\build\\legacy-code-todo-rewrite\\jestAdapter.js:77:13)\n    at processTicksAndRejections (node:internal/process/task_queues:95:5)\n    at runTestInternal (C:\\Users\\Asus\\OneDrive\\Desktop\\YEAR1 SEM2\\BED\\lab7_1BED\\bed-lab7-exercise-MoeMyatThweMT\\node_modules\\jest-runner\\build\\runTest.js:367:16)\n    at runTest (C:\\Users\\Asus\\OneDrive\\Desktop\\YEAR1 SEM2\\BED\\lab7_1BED\\bed-lab7-exercise-MoeMyatThweMT\\node_modules\\jest-runner\\build\\runTest.js:444:34)"],"fullName":"Login Test Registration Test 1 should log in successfully with valid credentials","invocations":1,"location":null,"numPassingAsserts":0,"retryReasons":[],"status":"failed","title":"should log in successfully with valid credentials"},{"ancestorTitles":["Login Test","Registration Test 2"],"duration":272,"failureDetails":[],"failureMessages":[],"fullName":"Login Test Registration Test 2 should register successfully with required credentials","invocations":1,"location":null,"numPassingAsserts":2,"retryReasons":[],"status":"passed","title":"should register successfully with required credentials"},{"ancestorTitles":["Login Test","Registration Test 2"],"duration":218,"failureDetails":[],"failureMessages":[],"fullName":"Login Test Registration Test 2 should log in successfully with valid credentials","invocations":1,"location":null,"numPassingAsserts":1,"retryReasons":[],"status":"passed","title":"should log in successfully with valid credentials"},{"ancestorTitles":["Login Test","Registration Test 3"],"duration":333,"failureDetails":[],"failureMessages":[],"fullName":"Login Test Registration Test 3 should register successfully with required credentials","invocations":1,"location":null,"numPassingAsserts":1,"retryReasons":[],"status":"passed","title":"should register successfully with required credentials"},{"ancestorTitles":["Login Test","Registration Test 3"],"duration":313,"failureDetails":[],"failureMessages":[],"fullName":"Login Test Registration Test 3 should log in successfully with valid credentials","invocations":1,"location":null,"numPassingAsserts":1,"retryReasons":[],"status":"passed","title":"should log in successfully with valid credentials"},{"ancestorTitles":["Login Test","Registration Test 4"],"duration":306,"failureDetails":[],"failureMessages":[],"fullName":"Login Test Registration Test 4 should register successfully with required credentials","invocations":1,"location":null,"numPassingAsserts":1,"retryReasons":[],"status":"passed","title":"should register successfully with required credentials"},{"ancestorTitles":["Login Test","Registration Test 4"],"duration":300,"failureDetails":[],"failureMessages":[],"fullName":"Login Test Registration Test 4 should log in successfully with valid credentials","invocations":1,"location":null,"numPassingAsserts":1,"retryReasons":[],"status":"passed","title":"should log in successfully with valid credentials"},{"ancestorTitles":["Login Test","Registration Test 5"],"duration":304,"failureDetails":[],"failureMessages":[],"fullName":"Login Test Registration Test 5 should register successfully with required credentials","invocations":1,"location":null,"numPassingAsserts":1,"retryReasons":[],"status":"passed","title":"should register successfully with required credentials"},{"ancestorTitles":["Login Test","Registration Test 5"],"duration":286,"failureDetails":[],"failureMessages":[],"fullName":"Login Test Registration Test 5 should log in successfully with valid credentials","invocations":1,"location":null,"numPassingAsserts":1,"retryReasons":[],"status":"passed","title":"should log in successfully with valid credentials"}],"endTime":1705672461159,"message":"\u001b[1m\u001b[31m  \u001b[1m● \u001b[22m\u001b[1mLogin Test › should display an error message with invalid credentials\u001b[39m\u001b[22m\n\n    thrown: \"Exceeded timeout of 5000 ms for a test.\n    Add a timeout value to this test to increase the timeout, if this is a long-running test. See https://jestjs.io/docs/api#testname-fn-timeout.\"\n\u001b[2m\u001b[22m\n\u001b[2m    \u001b[0m \u001b[90m 54 |\u001b[39m\u001b[0m\u001b[22m\n\u001b[2m    \u001b[0m \u001b[90m 55 |\u001b[39m   \u001b[90m// Rest of your tests\u001b[39m\u001b[0m\u001b[22m\n\u001b[2m    \u001b[0m\u001b[31m\u001b[1m>\u001b[22m\u001b[2m\u001b[39m\u001b[90m 56 |\u001b[39m   test(\u001b[32m\"should display an error message with invalid credentials\"\u001b[39m\u001b[33m,\u001b[39m \u001b[36masync\u001b[39m () \u001b[33m=>\u001b[39m {\u001b[0m\u001b[22m\n\u001b[2m    \u001b[0m \u001b[90m    |\u001b[39m   \u001b[31m\u001b[1m^\u001b[22m\u001b[2m\u001b[39m\u001b[0m\u001b[22m\n\u001b[2m    \u001b[0m \u001b[90m 57 |\u001b[39m     \u001b[36mawait\u001b[39m page\u001b[33m.\u001b[39mgoto(\u001b[32m`${URL}/login.html`\u001b[39m)\u001b[33m;\u001b[39m \u001b[90m// Replace with your actual login page URL\u001b[39m\u001b[0m\u001b[22m\n\u001b[2m    \u001b[0m \u001b[90m 58 |\u001b[39m\u001b[0m\u001b[22m\n\u001b[2m    \u001b[0m \u001b[90m 59 |\u001b[39m     \u001b[90m// Enter invalid username and password\u001b[39m\u001b[0m\u001b[22m\n\u001b[2m\u001b[22m\n\u001b[2m      \u001b[2mat test (\u001b[22m\u001b[2m\u001b[0m\u001b[36mtests/playwright.test.js\u001b[39m\u001b[0m\u001b[2m:56:3)\u001b[22m\u001b[2m\u001b[22m\n\u001b[2m      \u001b[2mat Object.describe (\u001b[22m\u001b[2m\u001b[0m\u001b[36mtests/playwright.test.js\u001b[39m\u001b[0m\u001b[2m:38:1)\u001b[22m\u001b[2m\u001b[22m\n\n\u001b[1m\u001b[31m  \u001b[1m● \u001b[22m\u001b[1mLogin Test › Registration Test 1 › should log in successfully with valid credentials\u001b[39m\u001b[22m\n\n    thrown: \"Exceeded timeout of 5000 ms for a test.\n    Add a timeout value to this test to increase the timeout, if this is a long-running test. See https://jestjs.io/docs/api#testname-fn-timeout.\"\n\u001b[2m\u001b[22m\n\u001b[2m    \u001b[0m \u001b[90m 103 |\u001b[39m       })\u001b[33m;\u001b[39m\u001b[0m\u001b[22m\n\u001b[2m    \u001b[0m \u001b[90m 104 |\u001b[39m\u001b[0m\u001b[22m\n\u001b[2m    \u001b[0m\u001b[31m\u001b[1m>\u001b[22m\u001b[2m\u001b[39m\u001b[90m 105 |\u001b[39m       test(\u001b[32m\"should log in successfully with valid credentials\"\u001b[39m\u001b[33m,\u001b[39m \u001b[36masync\u001b[39m () \u001b[33m=>\u001b[39m {\u001b[0m\u001b[22m\n\u001b[2m    \u001b[0m \u001b[90m     |\u001b[39m       \u001b[31m\u001b[1m^\u001b[22m\u001b[2m\u001b[39m\u001b[0m\u001b[22m\n\u001b[2m    \u001b[0m \u001b[90m 106 |\u001b[39m         \u001b[36mawait\u001b[39m page\u001b[33m.\u001b[39mgoto(\u001b[32m`${URL}/login.html`\u001b[39m)\u001b[33m;\u001b[39m \u001b[90m// Replace with your actual login page URL\u001b[39m\u001b[0m\u001b[22m\n\u001b[2m    \u001b[0m \u001b[90m 107 |\u001b[39m\u001b[0m\u001b[22m\n\u001b[2m    \u001b[0m \u001b[90m 108 |\u001b[39m         \u001b[90m// Enter username and password\u001b[39m\u001b[0m\u001b[22m\n\u001b[2m\u001b[22m\n\u001b[2m      \u001b[2mat test (\u001b[22m\u001b[2m\u001b[0m\u001b[36mtests/playwright.test.js\u001b[39m\u001b[0m\u001b[2m:105:7)\u001b[22m\u001b[2m\u001b[22m\n\u001b[2m      \u001b[2mat describe (\u001b[22m\u001b[2m\u001b[0m\u001b[36mtests/playwright.test.js\u001b[39m\u001b[0m\u001b[2m:80:5)\u001b[22m\u001b[2m\u001b[22m\n\u001b[2m      \u001b[2mat Object.describe (\u001b[22m\u001b[2m\u001b[0m\u001b[36mtests/playwright.test.js\u001b[39m\u001b[0m\u001b[2m:38:1)\u001b[22m\u001b[2m\u001b[22m\n","name":"C:\\Users\\Asus\\OneDrive\\Desktop\\YEAR1 SEM2\\BED\\lab7_1BED\\bed-lab7-exercise-MoeMyatThweMT\\tests\\playwright.test.js","startTime":1705672442212,"status":"failed","summary":""}],"wasInterrupted":false}
